-------------------------------------------------------------------------------
Test set: com.mibanquito.aportes.service.AporteServiceTest
-------------------------------------------------------------------------------
Tests run: 12, Failures: 4, Errors: 8, Skipped: 0, Time elapsed: 1.939 s <<< FAILURE! -- in com.mibanquito.aportes.service.AporteServiceTest
com.mibanquito.aportes.service.AporteServiceTest.calcularDeudaAcumulada_unMesVencido_totalCientoCinco -- Time elapsed: 1.769 s <<< ERROR!
java.lang.UnsupportedOperationException: pendiente de implementar en Fase 6 (T034-T035)
	at com.mibanquito.aportes.service.AporteService.calcularDeudaAcumulada(AporteService.java:46)
	at com.mibanquito.aportes.service.AporteServiceTest.calcularDeudaAcumulada_unMesVencido_totalCientoCinco(AporteServiceTest.java:140)
	at java.base/java.lang.reflect.Method.invoke(Method.java:580)
	at java.base/java.util.ArrayList.forEach(ArrayList.java:1596)
	at java.base/java.util.ArrayList.forEach(ArrayList.java:1596)

com.mibanquito.aportes.service.AporteServiceTest.registrarAporte_periodoCerrado_lanzaExcepcion -- Time elapsed: 0.027 s <<< FAILURE!
org.opentest4j.AssertionFailedError: Unexpected exception type thrown, expected: <com.mibanquito.aportes.service.PeriodoCerradoException> but was: <java.lang.UnsupportedOperationException>
	at org.junit.jupiter.api.AssertionFailureBuilder.build(AssertionFailureBuilder.java:151)
	at org.junit.jupiter.api.AssertThrows.assertThrows(AssertThrows.java:67)
	at org.junit.jupiter.api.AssertThrows.assertThrows(AssertThrows.java:35)
	at org.junit.jupiter.api.Assertions.assertThrows(Assertions.java:3128)
	at com.mibanquito.aportes.service.AporteServiceTest.registrarAporte_periodoCerrado_lanzaExcepcion(AporteServiceTest.java:240)
	at java.base/java.lang.reflect.Method.invoke(Method.java:580)
	at java.base/java.util.ArrayList.forEach(ArrayList.java:1596)
	at java.base/java.util.ArrayList.forEach(ArrayList.java:1596)
Caused by: java.lang.UnsupportedOperationException: pendiente de implementar en Fase 6 (T033)
	at com.mibanquito.aportes.service.AporteService.registrarAporteInicial(AporteService.java:42)
	at com.mibanquito.aportes.service.AporteServiceTest.lambda$registrarAporte_periodoCerrado_lanzaExcepcion$7(AporteServiceTest.java:241)
	at org.junit.jupiter.api.AssertThrows.assertThrows(AssertThrows.java:53)
	... 6 more

com.mibanquito.aportes.service.AporteServiceTest.calcularDeudaAcumulada_socioIngresoMitadAnio_noGeneraMesesPrevios -- Time elapsed: 0.010 s <<< ERROR!
java.lang.UnsupportedOperationException: pendiente de implementar en Fase 6 (T034-T035)
	at com.mibanquito.aportes.service.AporteService.calcularDeudaAcumulada(AporteService.java:46)
	at com.mibanquito.aportes.service.AporteServiceTest.calcularDeudaAcumulada_socioIngresoMitadAnio_noGeneraMesesPrevios(AporteServiceTest.java:258)
	at java.base/java.lang.reflect.Method.invoke(Method.java:580)
	at java.base/java.util.ArrayList.forEach(ArrayList.java:1596)
	at java.base/java.util.ArrayList.forEach(ArrayList.java:1596)

com.mibanquito.aportes.service.AporteServiceTest.obtenerTotalMultasPeriodo_sumaMultasDelPeriodo_totalCorrecto -- Time elapsed: 0.011 s <<< ERROR!
java.lang.UnsupportedOperationException: pendiente de implementar en Fase 6 (T037)
	at com.mibanquito.aportes.service.AporteService.obtenerTotalMultasPeriodo(AporteService.java:55)
	at com.mibanquito.aportes.service.AporteServiceTest.obtenerTotalMultasPeriodo_sumaMultasDelPeriodo_totalCorrecto(AporteServiceTest.java:328)
	at java.base/java.lang.reflect.Method.invoke(Method.java:580)
	at java.base/java.util.ArrayList.forEach(ArrayList.java:1596)
	at java.base/java.util.ArrayList.forEach(ArrayList.java:1596)

com.mibanquito.aportes.service.AporteServiceTest.calcularDeudaAcumulada_usaParametroPeriodoVigente_noHardcodeado -- Time elapsed: 0.009 s <<< ERROR!
java.lang.UnsupportedOperationException: pendiente de implementar en Fase 6 (T034-T035)
	at com.mibanquito.aportes.service.AporteService.calcularDeudaAcumulada(AporteService.java:46)
	at com.mibanquito.aportes.service.AporteServiceTest.calcularDeudaAcumulada_usaParametroPeriodoVigente_noHardcodeado(AporteServiceTest.java:275)
	at java.base/java.lang.reflect.Method.invoke(Method.java:580)
	at java.base/java.util.ArrayList.forEach(ArrayList.java:1596)
	at java.base/java.util.ArrayList.forEach(ArrayList.java:1596)

com.mibanquito.aportes.service.AporteServiceTest.registrarAporteMensual_pagoParcialEnMora_lanzaExcepcion -- Time elapsed: 0.012 s <<< FAILURE!
org.opentest4j.AssertionFailedError: Unexpected exception type thrown, expected: <com.mibanquito.aportes.service.PagoParcialNoPermitidoException> but was: <java.lang.UnsupportedOperationException>
	at org.junit.jupiter.api.AssertionFailureBuilder.build(AssertionFailureBuilder.java:151)
	at org.junit.jupiter.api.AssertThrows.assertThrows(AssertThrows.java:67)
	at org.junit.jupiter.api.AssertThrows.assertThrows(AssertThrows.java:35)
	at org.junit.jupiter.api.Assertions.assertThrows(Assertions.java:3128)
	at com.mibanquito.aportes.service.AporteServiceTest.registrarAporteMensual_pagoParcialEnMora_lanzaExcepcion(AporteServiceTest.java:202)
	at java.base/java.lang.reflect.Method.invoke(Method.java:580)
	at java.base/java.util.ArrayList.forEach(ArrayList.java:1596)
	at java.base/java.util.ArrayList.forEach(ArrayList.java:1596)
Caused by: java.lang.UnsupportedOperationException: pendiente de implementar en Fase 6 (T036)
	at com.mibanquito.aportes.service.AporteService.registrarAporteMensual(AporteService.java:51)
	at com.mibanquito.aportes.service.AporteServiceTest.lambda$registrarAporteMensual_pagoParcialEnMora_lanzaExcepcion$4(AporteServiceTest.java:203)
	at org.junit.jupiter.api.AssertThrows.assertThrows(AssertThrows.java:53)
	... 6 more

com.mibanquito.aportes.service.AporteServiceTest.registrarAporteMensual_mesYaPagado_lanzaExcepcion -- Time elapsed: 0.012 s <<< FAILURE!
org.opentest4j.AssertionFailedError: Unexpected exception type thrown, expected: <com.mibanquito.aportes.service.AporteMensualYaPagadoException> but was: <java.lang.UnsupportedOperationException>
	at org.junit.jupiter.api.AssertionFailureBuilder.build(AssertionFailureBuilder.java:151)
	at org.junit.jupiter.api.AssertThrows.assertThrows(AssertThrows.java:67)
	at org.junit.jupiter.api.AssertThrows.assertThrows(AssertThrows.java:35)
	at org.junit.jupiter.api.Assertions.assertThrows(Assertions.java:3128)
	at com.mibanquito.aportes.service.AporteServiceTest.registrarAporteMensual_mesYaPagado_lanzaExcepcion(AporteServiceTest.java:228)
	at java.base/java.lang.reflect.Method.invoke(Method.java:580)
	at java.base/java.util.ArrayList.forEach(ArrayList.java:1596)
	at java.base/java.util.ArrayList.forEach(ArrayList.java:1596)
Caused by: java.lang.UnsupportedOperationException: pendiente de implementar en Fase 6 (T036)
	at com.mibanquito.aportes.service.AporteService.registrarAporteMensual(AporteService.java:51)
	at com.mibanquito.aportes.service.AporteServiceTest.lambda$registrarAporteMensual_mesYaPagado_lanzaExcepcion$6(AporteServiceTest.java:229)
	at org.junit.jupiter.api.AssertThrows.assertThrows(AssertThrows.java:53)
	... 6 more

com.mibanquito.aportes.service.AporteServiceTest.registrarAporteInicial_montoNoPositivo_lanzaExcepcion -- Time elapsed: 0.010 s <<< FAILURE!
org.opentest4j.AssertionFailedError: Unexpected exception type thrown, expected: <java.lang.IllegalArgumentException> but was: <java.lang.UnsupportedOperationException>
	at org.junit.jupiter.api.AssertionFailureBuilder.build(AssertionFailureBuilder.java:151)
	at org.junit.jupiter.api.AssertThrows.assertThrows(AssertThrows.java:67)
	at org.junit.jupiter.api.AssertThrows.assertThrows(AssertThrows.java:35)
	at org.junit.jupiter.api.Assertions.assertThrows(Assertions.java:3128)
	at com.mibanquito.aportes.service.AporteServiceTest.registrarAporteInicial_montoNoPositivo_lanzaExcepcion(AporteServiceTest.java:211)
	at java.base/java.lang.reflect.Method.invoke(Method.java:580)
	at java.base/java.util.ArrayList.forEach(ArrayList.java:1596)
	at java.base/java.util.ArrayList.forEach(ArrayList.java:1596)
Caused by: java.lang.UnsupportedOperationException: pendiente de implementar en Fase 6 (T033)
	at com.mibanquito.aportes.service.AporteService.registrarAporteInicial(AporteService.java:42)
	at com.mibanquito.aportes.service.AporteServiceTest.lambda$registrarAporteInicial_montoNoPositivo_lanzaExcepcion$5(AporteServiceTest.java:212)
	at org.junit.jupiter.api.AssertThrows.assertThrows(AssertThrows.java:53)
	... 6 more

com.mibanquito.aportes.service.AporteServiceTest.calcularDeudaAcumulada_dosMesesVencidos_totalCientoSesenta -- Time elapsed: 0.006 s <<< ERROR!
java.lang.UnsupportedOperationException: pendiente de implementar en Fase 6 (T034-T035)
	at com.mibanquito.aportes.service.AporteService.calcularDeudaAcumulada(AporteService.java:46)
	at com.mibanquito.aportes.service.AporteServiceTest.calcularDeudaAcumulada_dosMesesVencidos_totalCientoSesenta(AporteServiceTest.java:166)
	at java.base/java.lang.reflect.Method.invoke(Method.java:580)
	at java.base/java.util.ArrayList.forEach(ArrayList.java:1596)
	at java.base/java.util.ArrayList.forEach(ArrayList.java:1596)

com.mibanquito.aportes.service.AporteServiceTest.registrarAporteMensual_mesHastaConDosMesesVencidos_saldaAmbos -- Time elapsed: 0.009 s <<< ERROR!
java.lang.UnsupportedOperationException: pendiente de implementar en Fase 6 (T036)
	at com.mibanquito.aportes.service.AporteService.registrarAporteMensual(AporteService.java:51)
	at com.mibanquito.aportes.service.AporteServiceTest.registrarAporteMensual_mesHastaConDosMesesVencidos_saldaAmbos(AporteServiceTest.java:183)
	at java.base/java.lang.reflect.Method.invoke(Method.java:580)
	at java.base/java.util.ArrayList.forEach(ArrayList.java:1596)
	at java.base/java.util.ArrayList.forEach(ArrayList.java:1596)

com.mibanquito.aportes.service.AporteServiceTest.calcularDeudaAcumulada_sinMora_devuelveSoloMesActual -- Time elapsed: 0.004 s <<< ERROR!
java.lang.UnsupportedOperationException: pendiente de implementar en Fase 6 (T034-T035)
	at com.mibanquito.aportes.service.AporteService.calcularDeudaAcumulada(AporteService.java:46)
	at com.mibanquito.aportes.service.AporteServiceTest.calcularDeudaAcumulada_sinMora_devuelveSoloMesActual(AporteServiceTest.java:124)
	at java.base/java.lang.reflect.Method.invoke(Method.java:580)
	at java.base/java.util.ArrayList.forEach(ArrayList.java:1596)
	at java.base/java.util.ArrayList.forEach(ArrayList.java:1596)

com.mibanquito.aportes.service.AporteServiceTest.resolverMesesHasta_cambioParametroAMitadPeriodo_noRecalculaMesesYaGenerados -- Time elapsed: 0.011 s <<< ERROR!
java.lang.UnsupportedOperationException: pendiente de implementar en Fase 6 (T034-T035)
	at com.mibanquito.aportes.service.AporteService.calcularDeudaAcumulada(AporteService.java:46)
	at com.mibanquito.aportes.service.AporteServiceTest.resolverMesesHasta_cambioParametroAMitadPeriodo_noRecalculaMesesYaGenerados(AporteServiceTest.java:316)
	at java.base/java.lang.reflect.Method.invoke(Method.java:580)
	at java.base/java.util.ArrayList.forEach(ArrayList.java:1596)
	at java.base/java.util.ArrayList.forEach(ArrayList.java:1596)

