<?xml version="1.0" encoding="UTF-8"?>
<testsuite xmlns:xsi="http://www.w3.org/2001/XMLSchema-instance" xsi:noNamespaceSchemaLocation="https://maven.apache.org/surefire/maven-surefire-plugin/xsd/surefire-test-report.xsd" version="3.0.2" name="com.mibanquito.aportes.service.AporteServiceTest" time="2.3" tests="12" errors="0" skipped="0" failures="0" flakes="0">
  <properties>
[...]
</properties>
  <testcase name="calcularDeudaAcumulada_unMesVencido_totalCientoCinco" classname="com.mibanquito.aportes.service.AporteServiceTest" time="2.118">
    <system-err><![CDATA[Mockito is currently self-attaching to enable the inline-mock-maker. This will no longer work in future releases of the JDK. Please add Mockito as an agent to your build as described in Mockito's documentation: https://javadoc.io/doc/org.mockito/mockito-core/latest/org.mockito/org/mockito/Mockito.html#0.3
WARNING: A Java agent has been loaded dynamically (C:\Users\hp\.m2\repository\net\bytebuddy\byte-buddy-agent\1.17.8\byte-buddy-agent-1.17.8.jar)
WARNING: If a serviceability tool is in use, please run with -XX:+EnableDynamicAgentLoading to hide this warning
WARNING: If a serviceability tool is not in use, please run with -Djdk.instrument.traceUsage for more information
WARNING: Dynamic loading of agents will be disallowed by default in a future release
]]></system-err>
  </testcase>
  <testcase name="registrarAporte_periodoCerrado_lanzaExcepcion" classname="com.mibanquito.aportes.service.AporteServiceTest" time="0.011"/>
  <testcase name="calcularDeudaAcumulada_socioIngresoMitadAnio_noGeneraMesesPrevios" classname="com.mibanquito.aportes.service.AporteServiceTest" time="0.011"/>
  <testcase name="obtenerTotalMultasPeriodo_sumaMultasDelPeriodo_totalCorrecto" classname="com.mibanquito.aportes.service.AporteServiceTest" time="0.01"/>
  <testcase name="calcularDeudaAcumulada_usaParametroPeriodoVigente_noHardcodeado" classname="com.mibanquito.aportes.service.AporteServiceTest" time="0.011"/>
  <testcase name="registrarAporteMensual_pagoParcialEnMora_lanzaExcepcion" classname="com.mibanquito.aportes.service.AporteServiceTest" time="0.013"/>
  <testcase name="registrarAporteMensual_mesYaPagado_lanzaExcepcion" classname="com.mibanquito.aportes.service.AporteServiceTest" time="0.02"/>
  <testcase name="registrarAporteInicial_montoNoPositivo_lanzaExcepcion" classname="com.mibanquito.aportes.service.AporteServiceTest" time="0.009"/>
  <testcase name="calcularDeudaAcumulada_dosMesesVencidos_totalCientoSesenta" classname="com.mibanquito.aportes.service.AporteServiceTest" time="0.007"/>
  <testcase name="registrarAporteMensual_mesHastaConDosMesesVencidos_saldaAmbos" classname="com.mibanquito.aportes.service.AporteServiceTest" time="0.017"/>
  <testcase name="calcularDeudaAcumulada_sinMora_devuelveSoloMesActual" classname="com.mibanquito.aportes.service.AporteServiceTest" time="0.008"/>
  <testcase name="resolverMesesHasta_cambioParametroAMitadPeriodo_noRecalculaMesesYaGenerados" classname="com.mibanquito.aportes.service.AporteServiceTest" time="0.004"/>
</testsuite>