<?xml version="1.0" encoding="UTF-8"?>
<testsuite xmlns:xsi="http://www.w3.org/2001/XMLSchema-instance" xsi:noNamespaceSchemaLocation="https://maven.apache.org/surefire/maven-surefire-plugin/xsd/surefire-test-report.xsd" version="3.0.2" name="com.mibanquito.aportes.controller.AporteControllerIT" time="14.474" tests="6" errors="0" skipped="0" failures="0" flakes="0">
  <properties>
[...]
</properties>
  <testcase name="getAporteMensual_conRolAdministrador_ok" classname="com.mibanquito.aportes.controller.AporteControllerIT" time="1.767">
    <system-out><![CDATA[21:34:58.622 [main] INFO org.springframework.test.context.support.AnnotationConfigContextLoaderUtils -- Could not detect default configuration classes for test class [com.mibanquito.aportes.controller.AporteControllerIT]: AporteControllerIT does not declare any static, non-private, non-final, nested classes annotated with @Configuration.
21:34:58.975 [main] INFO org.springframework.boot.test.context.SpringBootTestContextBootstrapper -- Found @SpringBootConfiguration com.mibanquito.BanquitoApplication for test class com.mibanquito.aportes.controller.AporteControllerIT

  .   ____          _            __ _ _
 /\\ / ___'_ __ _ _(_)_ __  __ _ \ \ \ \
( ( )\___ | '_ | '_| | '_ \/ _` | \ \ \ \
 \\/  ___)| |_)| | | | | || (_| |  ) ) ) )
  '  |____| .__|_| |_|_| |_\__, | / / / /
 =========|_|==============|___/=/_/_/_/

 :: Spring Boot ::               (v3.5.16)

2026-07-14T21:35:00.203-05:00  INFO 27108 --- [banquito] [           main] c.m.a.controller.AporteControllerIT      : Starting AporteControllerIT using Java 21.0.11 with PID 27108 (started by hp in C:\Users\hp\Desktop\banquito)
2026-07-14T21:35:00.205-05:00  INFO 27108 --- [banquito] [           main] c.m.a.controller.AporteControllerIT      : No active profile set, falling back to 1 default profile: "default"
2026-07-14T21:35:01.643-05:00  INFO 27108 --- [banquito] [           main] .s.d.r.c.RepositoryConfigurationDelegate : Bootstrapping Spring Data JPA repositories in DEFAULT mode.
2026-07-14T21:35:01.810-05:00  INFO 27108 --- [banquito] [           main] .s.d.r.c.RepositoryConfigurationDelegate : Finished Spring Data repository scanning in 148 ms. Found 5 JPA repository interfaces.
2026-07-14T21:35:03.161-05:00  INFO 27108 --- [banquito] [           main] com.zaxxer.hikari.HikariDataSource       : HikariPool-1 - Starting...
2026-07-14T21:35:03.614-05:00  INFO 27108 --- [banquito] [           main] com.zaxxer.hikari.pool.HikariPool        : HikariPool-1 - Added connection com.mysql.cj.jdbc.ConnectionImpl@44384b4a
2026-07-14T21:35:03.618-05:00  INFO 27108 --- [banquito] [           main] com.zaxxer.hikari.HikariDataSource       : HikariPool-1 - Start completed.
2026-07-14T21:35:03.734-05:00  INFO 27108 --- [banquito] [           main] org.flywaydb.core.FlywayExecutor         : Database: jdbc:mysql://localhost:3306/banquito?useSSL=false&serverTimezone=America/Lima&allowPublicKeyRetrieval=true (MySQL 8.0)
2026-07-14T21:35:04.095-05:00  INFO 27108 --- [banquito] [           main] o.f.core.internal.command.DbValidate     : Successfully validated 6 migrations (execution time 00:00.076s)
2026-07-14T21:35:04.122-05:00  INFO 27108 --- [banquito] [           main] o.f.core.internal.command.DbMigrate      : Current version of schema `banquito`: 6
2026-07-14T21:35:04.131-05:00  INFO 27108 --- [banquito] [           main] o.f.core.internal.command.DbMigrate      : Schema `banquito` is up to date. No migration necessary.
2026-07-14T21:35:04.321-05:00  INFO 27108 --- [banquito] [           main] o.hibernate.jpa.internal.util.LogHelper  : HHH000204: Processing PersistenceUnitInfo [name: default]
2026-07-14T21:35:04.458-05:00  INFO 27108 --- [banquito] [           main] org.hibernate.Version                    : HHH000412: Hibernate ORM core version 6.6.53.Final
2026-07-14T21:35:04.533-05:00  INFO 27108 --- [banquito] [           main] o.h.c.internal.RegionFactoryInitiator    : HHH000026: Second-level cache disabled
2026-07-14T21:35:05.152-05:00  INFO 27108 --- [banquito] [           main] o.s.o.j.p.SpringPersistenceUnitInfo      : No LoadTimeWeaver setup: ignoring JPA class transformer
2026-07-14T21:35:05.328-05:00  INFO 27108 --- [banquito] [           main] org.hibernate.orm.connections.pooling    : HHH10001005: Database info:
	Database JDBC URL [Connecting through datasource 'HikariDataSource (HikariPool-1)']
	Database driver: undefined/unknown
	Database version: 8.0.46
	Autocommit mode: undefined/unknown
	Isolation level: undefined/unknown
	Minimum pool size: undefined/unknown
	Maximum pool size: undefined/unknown
2026-07-14T21:35:07.126-05:00  INFO 27108 --- [banquito] [           main] o.h.e.t.j.p.i.JtaPlatformInitiator       : HHH000489: No JTA platform available (set 'hibernate.transaction.jta.platform' to enable JTA platform integration)
2026-07-14T21:35:07.202-05:00  INFO 27108 --- [banquito] [           main] j.LocalContainerEntityManagerFactoryBean : Initialized JPA EntityManagerFactory for persistence unit 'default'
2026-07-14T21:35:07.848-05:00  INFO 27108 --- [banquito] [           main] o.s.d.j.r.query.QueryEnhancerFactory     : Hibernate is in classpath; If applicable, HQL parser will be used.
2026-07-14T21:35:09.404-05:00  WARN 27108 --- [banquito] [           main] .s.s.UserDetailsServiceAutoConfiguration : 

Using generated security password: b3b321a3-6264-433c-96cc-e9c834f6959b

This generated password is for development use only. Your security configuration must be updated before running your application in production.

2026-07-14T21:35:09.421-05:00  INFO 27108 --- [banquito] [           main] r$InitializeUserDetailsManagerConfigurer : Global AuthenticationManager configured with UserDetailsService bean with name inMemoryUserDetailsManager
2026-07-14T21:35:10.713-05:00  INFO 27108 --- [banquito] [           main] o.s.b.t.m.w.SpringBootMockServletContext : Initializing Spring TestDispatcherServlet ''
2026-07-14T21:35:10.713-05:00  INFO 27108 --- [banquito] [           main] o.s.t.web.servlet.TestDispatcherServlet  : Initializing Servlet ''
2026-07-14T21:35:10.713-05:00  INFO 27108 --- [banquito] [           main] o.s.t.web.servlet.TestDispatcherServlet  : Completed initialization in 0 ms
2026-07-14T21:35:10.760-05:00  INFO 27108 --- [banquito] [           main] c.m.a.controller.AporteControllerIT      : Started AporteControllerIT in 11.379 seconds (process running for 13.727)
]]></system-out>
    <system-err><![CDATA[Mockito is currently self-attaching to enable the inline-mock-maker. This will no longer work in future releases of the JDK. Please add Mockito as an agent to your build as described in Mockito's documentation: https://javadoc.io/doc/org.mockito/mockito-core/latest/org.mockito/org/mockito/Mockito.html#0.3
WARNING: A Java agent has been loaded dynamically (C:\Users\hp\.m2\repository\net\bytebuddy\byte-buddy-agent\1.17.8\byte-buddy-agent-1.17.8.jar)
WARNING: If a serviceability tool is in use, please run with -XX:+EnableDynamicAgentLoading to hide this warning
WARNING: If a serviceability tool is not in use, please run with -Djdk.instrument.traceUsage for more information
WARNING: Dynamic loading of agents will be disallowed by default in a future release
]]></system-err>
  </testcase>
  <testcase name="getAporteInicial_conRolAdministrador_ok" classname="com.mibanquito.aportes.controller.AporteControllerIT" time="0.035"/>
  <testcase name="getDeuda_conRolSocio_rechaza403" classname="com.mibanquito.aportes.controller.AporteControllerIT" time="0.029"/>
  <testcase name="getDeuda_conRolAdministrador_ok" classname="com.mibanquito.aportes.controller.AporteControllerIT" time="0.071"/>
  <testcase name="getAporteMensual_conRolSocio_rechaza403" classname="com.mibanquito.aportes.controller.AporteControllerIT" time="0.021"/>
  <testcase name="getAporteInicial_conRolSocio_rechaza403" classname="com.mibanquito.aportes.controller.AporteControllerIT" time="0.021"/>
</testsuite>